This is pdfTeX, Version 3.141592653-2.6-1.40.22 (TeX Live 2022/dev/Debian) (preloaded format=pdflatex 2026.6.9)  11 JUL 2026 13:36
entering extended mode
 restricted \write18 enabled.
 %&-line parsing enabled.
**main.tex
(./main.tex
LaTeX2e <2021-11-15> patch level 1
L3 programming layer <2022-01-21>
(/usr/share/texlive/texmf-dist/tex/latex/base/article.cls
Document Class: article 2021/10/04 v1.4n Standard LaTeX document class
(/usr/share/texlive/texmf-dist/tex/latex/base/size11.clo
File: size11.clo 2021/10/04 v1.4n Standard LaTeX file (size option)
)
\c@part=\count185
\c@section=\count186
\c@subsection=\count187
\c@subsubsection=\count188
\c@paragraph=\count189
\c@subparagraph=\count190
\c@figure=\count191
\c@table=\count192
\abovecaptionskip=\skip47
\belowcaptionskip=\skip48
\bibindent=\dimen138
)
(/usr/share/texlive/texmf-dist/tex/latex/base/inputenc.sty
Package: inputenc 2021/02/14 v1.3d Input encoding file
\inpenc@prehook=\toks16
\inpenc@posthook=\toks17
)
(/usr/share/texlive/texmf-dist/tex/latex/base/fontenc.sty
Package: fontenc 2021/04/29 v2.0v Standard LaTeX package
)
(/usr/share/texlive/texmf-dist/tex/generic/babel/babel.sty
Package: babel 2022/01/26 3.70 The Babel package
\babel@savecnt=\count193
\U@D=\dimen139
\l@unhyphenated=\language3

(/usr/share/texlive/texmf-dist/tex/generic/babel/txtbabel.def)
\bbl@readstream=\read2
\bbl@dirlevel=\count194
Package babel Info: You haven't specified a language. I'll use 'nil'
(babel)             as the main language. Reported on input line 4299.

(/usr/share/texlive/texmf-dist/tex/generic/babel/nil.ldf
Language: nil 2022/01/26 3.70 Nil language
\l@nil=\language4
))
(/usr/share/texlive/texmf-dist/tex/latex/graphics/graphicx.sty
Package: graphicx 2021/09/16 v1.2d Enhanced LaTeX Graphics (DPC,SPQR)

(/usr/share/texlive/texmf-dist/tex/latex/graphics/keyval.sty
Package: keyval 2014/10/28 v1.15 key=value parser (DPC)
\KV@toks@=\toks18
)
(/usr/share/texlive/texmf-dist/tex/latex/graphics/graphics.sty
Package: graphics 2021/03/04 v1.4d Standard LaTeX Graphics (DPC,SPQR)

(/usr/share/texlive/texmf-dist/tex/latex/graphics/trig.sty
Package: trig 2021/08/11 v1.11 sin cos tan (DPC)
)
(/usr/share/texlive/texmf-dist/tex/latex/graphics-cfg/graphics.cfg
File: graphics.cfg 2016/06/04 v1.11 sample graphics configuration
)
Package graphics Info: Driver file: pdftex.def on input line 107.

(/usr/share/texlive/texmf-dist/tex/latex/graphics-def/pdftex.def
File: pdftex.def 2020/10/05 v1.2a Graphics/color driver for pdftex
))
\Gin@req@height=\dimen140
\Gin@req@width=\dimen141
)
(/usr/share/texlive/texmf-dist/tex/latex/pgf/frontendlayer/tikz.sty
(/usr/share/texlive/texmf-dist/tex/latex/pgf/basiclayer/pgf.sty
(/usr/share/texlive/texmf-dist/tex/latex/pgf/utilities/pgfrcs.sty
(/usr/share/texlive/texmf-dist/tex/generic/pgf/utilities/pgfutil-common.tex
\pgfutil@everybye=\toks19
\pgfutil@tempdima=\dimen142
\pgfutil@tempdimb=\dimen143

(/usr/share/texlive/texmf-dist/tex/generic/pgf/utilities/pgfutil-common-lists.t
ex)) (/usr/share/texlive/texmf-dist/tex/generic/pgf/utilities/pgfutil-latex.def
\pgfutil@abb=\box50
) (/usr/share/texlive/texmf-dist/tex/generic/pgf/utilities/pgfrcs.code.tex
(/usr/share/texlive/texmf-dist/tex/generic/pgf/pgf.revision.tex)
Package: pgfrcs 2021/05/15 v3.1.9a (3.1.9a)
))
Package: pgf 2021/05/15 v3.1.9a (3.1.9a)

(/usr/share/texlive/texmf-dist/tex/latex/pgf/basiclayer/pgfcore.sty
(/usr/share/texlive/texmf-dist/tex/latex/pgf/systemlayer/pgfsys.sty
(/usr/share/texlive/texmf-dist/tex/generic/pgf/systemlayer/pgfsys.code.tex
Package: pgfsys 2021/05/15 v3.1.9a (3.1.9a)

(/usr/share/texlive/texmf-dist/tex/generic/pgf/utilities/pgfkeys.code.tex
\pgfkeys@pathtoks=\toks20
\pgfkeys@temptoks=\toks21

(/usr/share/texlive/texmf-dist/tex/generic/pgf/utilities/pgfkeysfiltered.code.t
ex
\pgfkeys@tmptoks=\toks22
))
\pgf@x=\dimen144
\pgf@y=\dimen145
\pgf@xa=\dimen146
\pgf@ya=\dimen147
\pgf@xb=\dimen148
\pgf@yb=\dimen149
\pgf@xc=\dimen150
\pgf@yc=\dimen151
\pgf@xd=\dimen152
\pgf@yd=\dimen153
\w@pgf@writea=\write3
\r@pgf@reada=\read3
\c@pgf@counta=\count195
\c@pgf@countb=\count196
\c@pgf@countc=\count197
\c@pgf@countd=\count198
\t@pgf@toka=\toks23
\t@pgf@tokb=\toks24
\t@pgf@tokc=\toks25
\pgf@sys@id@count=\count199
 (/usr/share/texlive/texmf-dist/tex/generic/pgf/systemlayer/pgf.cfg
File: pgf.cfg 2021/05/15 v3.1.9a (3.1.9a)
)
Driver file for pgf: pgfsys-pdftex.def

(/usr/share/texlive/texmf-dist/tex/generic/pgf/systemlayer/pgfsys-pdftex.def
File: pgfsys-pdftex.def 2021/05/15 v3.1.9a (3.1.9a)

(/usr/share/texlive/texmf-dist/tex/generic/pgf/systemlayer/pgfsys-common-pdf.de
f
File: pgfsys-common-pdf.def 2021/05/15 v3.1.9a (3.1.9a)
)))
(/usr/share/texlive/texmf-dist/tex/generic/pgf/systemlayer/pgfsyssoftpath.code.
tex
File: pgfsyssoftpath.code.tex 2021/05/15 v3.1.9a (3.1.9a)
\pgfsyssoftpath@smallbuffer@items=\count266
\pgfsyssoftpath@bigbuffer@items=\count267
)
(/usr/share/texlive/texmf-dist/tex/generic/pgf/systemlayer/pgfsysprotocol.code.
tex
File: pgfsysprotocol.code.tex 2021/05/15 v3.1.9a (3.1.9a)
)) (/usr/share/texlive/texmf-dist/tex/latex/xcolor/xcolor.sty
Package: xcolor 2021/10/31 v2.13 LaTeX color extensions (UK)

(/usr/share/texlive/texmf-dist/tex/latex/graphics-cfg/color.cfg
File: color.cfg 2016/01/02 v1.6 sample color configuration
)
Package xcolor Info: Driver file: pdftex.def on input line 227.
Package xcolor Info: Model `cmy' substituted by `cmy0' on input line 1352.
Package xcolor Info: Model `hsb' substituted by `rgb' on input line 1356.
Package xcolor Info: Model `RGB' extended on input line 1368.
Package xcolor Info: Model `HTML' substituted by `rgb' on input line 1370.
Package xcolor Info: Model `Hsb' substituted by `hsb' on input line 1371.
Package xcolor Info: Model `tHsb' substituted by `hsb' on input line 1372.
Package xcolor Info: Model `HSB' substituted by `hsb' on input line 1373.
Package xcolor Info: Model `Gray' substituted by `gray' on input line 1374.
Package xcolor Info: Model `wave' substituted by `hsb' on input line 1375.
)
(/usr/share/texlive/texmf-dist/tex/generic/pgf/basiclayer/pgfcore.code.tex
Package: pgfcore 2021/05/15 v3.1.9a (3.1.9a)

(/usr/share/texlive/texmf-dist/tex/generic/pgf/math/pgfmath.code.tex
(/usr/share/texlive/texmf-dist/tex/generic/pgf/math/pgfmathcalc.code.tex
(/usr/share/texlive/texmf-dist/tex/generic/pgf/math/pgfmathutil.code.tex)
(/usr/share/texlive/texmf-dist/tex/generic/pgf/math/pgfmathparser.code.tex
\pgfmath@dimen=\dimen154
\pgfmath@count=\count268
\pgfmath@box=\box51
\pgfmath@toks=\toks26
\pgfmath@stack@operand=\toks27
\pgfmath@stack@operation=\toks28
)
(/usr/share/texlive/texmf-dist/tex/generic/pgf/math/pgfmathfunctions.code.tex
(/usr/share/texlive/texmf-dist/tex/generic/pgf/math/pgfmathfunctions.basic.code
.tex)
(/usr/share/texlive/texmf-dist/tex/generic/pgf/math/pgfmathfunctions.trigonomet
ric.code.tex)
(/usr/share/texlive/texmf-dist/tex/generic/pgf/math/pgfmathfunctions.random.cod
e.tex)
(/usr/share/texlive/texmf-dist/tex/generic/pgf/math/pgfmathfunctions.comparison
.code.tex)
(/usr/share/texlive/texmf-dist/tex/generic/pgf/math/pgfmathfunctions.base.code.
tex)
(/usr/share/texlive/texmf-dist/tex/generic/pgf/math/pgfmathfunctions.round.code
.tex)
(/usr/share/texlive/texmf-dist/tex/generic/pgf/math/pgfmathfunctions.misc.code.
tex)
(/usr/share/texlive/texmf-dist/tex/generic/pgf/math/pgfmathfunctions.integerari
thmetics.code.tex)))
(/usr/share/texlive/texmf-dist/tex/generic/pgf/math/pgfmathfloat.code.tex
\c@pgfmathroundto@lastzeros=\count269
))
(/usr/share/texlive/texmf-dist/tex/generic/pgf/math/pgfint.code.tex)
(/usr/share/texlive/texmf-dist/tex/generic/pgf/basiclayer/pgfcorepoints.code.te
x
File: pgfcorepoints.code.tex 2021/05/15 v3.1.9a (3.1.9a)
\pgf@picminx=\dimen155
\pgf@picmaxx=\dimen156
\pgf@picminy=\dimen157
\pgf@picmaxy=\dimen158
\pgf@pathminx=\dimen159
\pgf@pathmaxx=\dimen160
\pgf@pathminy=\dimen161
\pgf@pathmaxy=\dimen162
\pgf@xx=\dimen163
\pgf@xy=\dimen164
\pgf@yx=\dimen165
\pgf@yy=\dimen166
\pgf@zx=\dimen167
\pgf@zy=\dimen168
)
(/usr/share/texlive/texmf-dist/tex/generic/pgf/basiclayer/pgfcorepathconstruct.
code.tex
File: pgfcorepathconstruct.code.tex 2021/05/15 v3.1.9a (3.1.9a)
\pgf@path@lastx=\dimen169
\pgf@path@lasty=\dimen170
)
(/usr/share/texlive/texmf-dist/tex/generic/pgf/basiclayer/pgfcorepathusage.code
.tex
File: pgfcorepathusage.code.tex 2021/05/15 v3.1.9a (3.1.9a)
\pgf@shorten@end@additional=\dimen171
\pgf@shorten@start@additional=\dimen172
)
(/usr/share/texlive/texmf-dist/tex/generic/pgf/basiclayer/pgfcorescopes.code.te
x
File: pgfcorescopes.code.tex 2021/05/15 v3.1.9a (3.1.9a)
\pgfpic=\box52
\pgf@hbox=\box53
\pgf@layerbox@main=\box54
\pgf@picture@serial@count=\count270
)
(/usr/share/texlive/texmf-dist/tex/generic/pgf/basiclayer/pgfcoregraphicstate.c
ode.tex
File: pgfcoregraphicstate.code.tex 2021/05/15 v3.1.9a (3.1.9a)
\pgflinewidth=\dimen173
)
(/usr/share/texlive/texmf-dist/tex/generic/pgf/basiclayer/pgfcoretransformation
s.code.tex
File: pgfcoretransformations.code.tex 2021/05/15 v3.1.9a (3.1.9a)
\pgf@pt@x=\dimen174
\pgf@pt@y=\dimen175
\pgf@pt@temp=\dimen176
)
(/usr/share/texlive/texmf-dist/tex/generic/pgf/basiclayer/pgfcorequick.code.tex
File: pgfcorequick.code.tex 2021/05/15 v3.1.9a (3.1.9a)
)
(/usr/share/texlive/texmf-dist/tex/generic/pgf/basiclayer/pgfcoreobjects.code.t
ex
File: pgfcoreobjects.code.tex 2021/05/15 v3.1.9a (3.1.9a)
)
(/usr/share/texlive/texmf-dist/tex/generic/pgf/basiclayer/pgfcorepathprocessing
.code.tex
File: pgfcorepathprocessing.code.tex 2021/05/15 v3.1.9a (3.1.9a)
)
(/usr/share/texlive/texmf-dist/tex/generic/pgf/basiclayer/pgfcorearrows.code.te
x
File: pgfcorearrows.code.tex 2021/05/15 v3.1.9a (3.1.9a)
\pgfarrowsep=\dimen177
)
(/usr/share/texlive/texmf-dist/tex/generic/pgf/basiclayer/pgfcoreshade.code.tex
File: pgfcoreshade.code.tex 2021/05/15 v3.1.9a (3.1.9a)
\pgf@max=\dimen178
\pgf@sys@shading@range@num=\count271
\pgf@shadingcount=\count272
)
(/usr/share/texlive/texmf-dist/tex/generic/pgf/basiclayer/pgfcoreimage.code.tex
File: pgfcoreimage.code.tex 2021/05/15 v3.1.9a (3.1.9a)

(/usr/share/texlive/texmf-dist/tex/generic/pgf/basiclayer/pgfcoreexternal.code.
tex
File: pgfcoreexternal.code.tex 2021/05/15 v3.1.9a (3.1.9a)
\pgfexternal@startupbox=\box55
))
(/usr/share/texlive/texmf-dist/tex/generic/pgf/basiclayer/pgfcorelayers.code.te
x
File: pgfcorelayers.code.tex 2021/05/15 v3.1.9a (3.1.9a)
)
(/usr/share/texlive/texmf-dist/tex/generic/pgf/basiclayer/pgfcoretransparency.c
ode.tex
File: pgfcoretransparency.code.tex 2021/05/15 v3.1.9a (3.1.9a)
)
(/usr/share/texlive/texmf-dist/tex/generic/pgf/basiclayer/pgfcorepatterns.code.
tex
File: pgfcorepatterns.code.tex 2021/05/15 v3.1.9a (3.1.9a)
)
(/usr/share/texlive/texmf-dist/tex/generic/pgf/basiclayer/pgfcorerdf.code.tex
File: pgfcorerdf.code.tex 2021/05/15 v3.1.9a (3.1.9a)
)))
(/usr/share/texlive/texmf-dist/tex/generic/pgf/modules/pgfmoduleshapes.code.tex
File: pgfmoduleshapes.code.tex 2021/05/15 v3.1.9a (3.1.9a)
\pgfnodeparttextbox=\box56
) (/usr/share/texlive/texmf-dist/tex/generic/pgf/modules/pgfmoduleplot.code.tex
File: pgfmoduleplot.code.tex 2021/05/15 v3.1.9a (3.1.9a)
)
(/usr/share/texlive/texmf-dist/tex/latex/pgf/compatibility/pgfcomp-version-0-65
.sty
Package: pgfcomp-version-0-65 2021/05/15 v3.1.9a (3.1.9a)
\pgf@nodesepstart=\dimen179
\pgf@nodesepend=\dimen180
)
(/usr/share/texlive/texmf-dist/tex/latex/pgf/compatibility/pgfcomp-version-1-18
.sty
Package: pgfcomp-version-1-18 2021/05/15 v3.1.9a (3.1.9a)
)) (/usr/share/texlive/texmf-dist/tex/latex/pgf/utilities/pgffor.sty
(/usr/share/texlive/texmf-dist/tex/latex/pgf/utilities/pgfkeys.sty
(/usr/share/texlive/texmf-dist/tex/generic/pgf/utilities/pgfkeys.code.tex))
(/usr/share/texlive/texmf-dist/tex/latex/pgf/math/pgfmath.sty
(/usr/share/texlive/texmf-dist/tex/generic/pgf/math/pgfmath.code.tex))
(/usr/share/texlive/texmf-dist/tex/generic/pgf/utilities/pgffor.code.tex
Package: pgffor 2021/05/15 v3.1.9a (3.1.9a)

(/usr/share/texlive/texmf-dist/tex/generic/pgf/math/pgfmath.code.tex)
\pgffor@iter=\dimen181
\pgffor@skip=\dimen182
\pgffor@stack=\toks29
\pgffor@toks=\toks30
))
(/usr/share/texlive/texmf-dist/tex/generic/pgf/frontendlayer/tikz/tikz.code.tex
Package: tikz 2021/05/15 v3.1.9a (3.1.9a)

(/usr/share/texlive/texmf-dist/tex/generic/pgf/libraries/pgflibraryplothandlers
.code.tex
File: pgflibraryplothandlers.code.tex 2021/05/15 v3.1.9a (3.1.9a)
\pgf@plot@mark@count=\count273
\pgfplotmarksize=\dimen183
)
\tikz@lastx=\dimen184
\tikz@lasty=\dimen185
\tikz@lastxsaved=\dimen186
\tikz@lastysaved=\dimen187
\tikz@lastmovetox=\dimen188
\tikz@lastmovetoy=\dimen189
\tikzleveldistance=\dimen190
\tikzsiblingdistance=\dimen191
\tikz@figbox=\box57
\tikz@figbox@bg=\box58
\tikz@tempbox=\box59
\tikz@tempbox@bg=\box60
\tikztreelevel=\count274
\tikznumberofchildren=\count275
\tikznumberofcurrentchild=\count276
\tikz@fig@count=\count277

(/usr/share/texlive/texmf-dist/tex/generic/pgf/modules/pgfmodulematrix.code.tex
File: pgfmodulematrix.code.tex 2021/05/15 v3.1.9a (3.1.9a)
\pgfmatrixcurrentrow=\count278
\pgfmatrixcurrentcolumn=\count279
\pgf@matrix@numberofcolumns=\count280
)
\tikz@expandcount=\count281

(/usr/share/texlive/texmf-dist/tex/generic/pgf/frontendlayer/tikz/libraries/tik
zlibrarytopaths.code.tex
File: tikzlibrarytopaths.code.tex 2021/05/15 v3.1.9a (3.1.9a)
)))
(/usr/share/texlive/texmf-dist/tex/generic/pgf/frontendlayer/tikz/libraries/tik
zlibrarypositioning.code.tex
File: tikzlibrarypositioning.code.tex 2021/05/15 v3.1.9a (3.1.9a)
)
(/usr/share/texlive/texmf-dist/tex/generic/pgf/libraries/pgflibraryarrows.meta.
code.tex
File: pgflibraryarrows.meta.code.tex 2021/05/15 v3.1.9a (3.1.9a)
\pgfarrowinset=\dimen192
\pgfarrowlength=\dimen193
\pgfarrowwidth=\dimen194
\pgfarrowlinewidth=\dimen195
) (/usr/share/texlive/texmf-dist/tex/latex/underscore/underscore.sty
Package: underscore 2006/09/13
LaTeX Info: Redefining \_ on input line 42.
)
(/usr/share/texlive/texmf-dist/tex/latex/listings/listings.sty
\lst@mode=\count282
\lst@gtempboxa=\box61
\lst@token=\toks31
\lst@length=\count283
\lst@currlwidth=\dimen196
\lst@column=\count284
\lst@pos=\count285
\lst@lostspace=\dimen197
\lst@width=\dimen198
\lst@newlines=\count286
\lst@lineno=\count287
\lst@maxwidth=\dimen199

(/usr/share/texlive/texmf-dist/tex/latex/listings/lstmisc.sty
File: lstmisc.sty 2020/03/24 1.8d (Carsten Heinz)
\c@lstnumber=\count288
\lst@skipnumbers=\count289
\lst@framebox=\box62
)
(/usr/share/texlive/texmf-dist/tex/latex/listings/listings.cfg
File: listings.cfg 2020/03/24 1.8d listings configuration
))
Package: listings 2020/03/24 1.8d (Carsten Heinz)

(/usr/share/texlive/texmf-dist/tex/latex/hyperref/hyperref.sty
Package: hyperref 2021-06-07 v7.00m Hypertext links for LaTeX

(/usr/share/texlive/texmf-dist/tex/generic/ltxcmds/ltxcmds.sty
Package: ltxcmds 2020-05-10 v1.25 LaTeX kernel commands for general use (HO)
)
(/usr/share/texlive/texmf-dist/tex/generic/iftex/iftex.sty
Package: iftex 2020/03/06 v1.0d TeX engine tests
)
(/usr/share/texlive/texmf-dist/tex/generic/pdftexcmds/pdftexcmds.sty
Package: pdftexcmds 2020-06-27 v0.33 Utility functions of pdfTeX for LuaTeX (HO
)

(/usr/share/texlive/texmf-dist/tex/generic/infwarerr/infwarerr.sty
Package: infwarerr 2019/12/03 v1.5 Providing info/warning/error messages (HO)
)
Package pdftexcmds Info: \pdf@primitive is available.
Package pdftexcmds Info: \pdf@ifprimitive is available.
Package pdftexcmds Info: \pdfdraftmode found.
)
(/usr/share/texlive/texmf-dist/tex/generic/kvsetkeys/kvsetkeys.sty
Package: kvsetkeys 2019/12/15 v1.18 Key value parser (HO)
)
(/usr/share/texlive/texmf-dist/tex/generic/kvdefinekeys/kvdefinekeys.sty
Package: kvdefinekeys 2019-12-19 v1.6 Define keys (HO)
)
(/usr/share/texlive/texmf-dist/tex/generic/pdfescape/pdfescape.sty
Package: pdfescape 2019/12/09 v1.15 Implements pdfTeX's escape features (HO)
)
(/usr/share/texlive/texmf-dist/tex/latex/hycolor/hycolor.sty
Package: hycolor 2020-01-27 v1.10 Color options for hyperref/bookmark (HO)
)
(/usr/share/texlive/texmf-dist/tex/latex/letltxmacro/letltxmacro.sty
Package: letltxmacro 2019/12/03 v1.6 Let assignment for LaTeX macros (HO)
)
(/usr/share/texlive/texmf-dist/tex/latex/auxhook/auxhook.sty
Package: auxhook 2019-12-17 v1.6 Hooks for auxiliary files (HO)
)
(/usr/share/texlive/texmf-dist/tex/latex/kvoptions/kvoptions.sty
Package: kvoptions 2020-10-07 v3.14 Key value format for package options (HO)
)
\@linkdim=\dimen256
\Hy@linkcounter=\count290
\Hy@pagecounter=\count291

(/usr/share/texlive/texmf-dist/tex/latex/hyperref/pd1enc.def
File: pd1enc.def 2021-06-07 v7.00m Hyperref: PDFDocEncoding definition (HO)
Now handling font encoding PD1 ...
... no UTF-8 mapping file for font encoding PD1
)
(/usr/share/texlive/texmf-dist/tex/latex/hyperref/hyperref-langpatches.def
File: hyperref-langpatches.def 2021-06-07 v7.00m Hyperref: patches for babel la
nguages
)
(/usr/share/texlive/texmf-dist/tex/generic/intcalc/intcalc.sty
Package: intcalc 2019/12/15 v1.3 Expandable calculations with integers (HO)
)
(/usr/share/texlive/texmf-dist/tex/generic/etexcmds/etexcmds.sty
Package: etexcmds 2019/12/15 v1.7 Avoid name clashes with e-TeX commands (HO)
)
\Hy@SavedSpaceFactor=\count292

(/usr/share/texlive/texmf-dist/tex/latex/hyperref/puenc.def
File: puenc.def 2021-06-07 v7.00m Hyperref: PDF Unicode definition (HO)
Now handling font encoding PU ...
... no UTF-8 mapping file for font encoding PU
)
Package hyperref Info: Hyper figures OFF on input line 4192.
Package hyperref Info: Link nesting OFF on input line 4197.
Package hyperref Info: Hyper index ON on input line 4200.
Package hyperref Info: Plain pages OFF on input line 4207.
Package hyperref Info: Backreferencing OFF on input line 4212.
Package hyperref Info: Implicit mode ON; LaTeX internals redefined.
Package hyperref Info: Bookmarks ON on input line 4445.
\c@Hy@tempcnt=\count293

(/usr/share/texlive/texmf-dist/tex/latex/url/url.sty
\Urlmuskip=\muskip16
Package: url 2013/09/16  ver 3.4  Verb mode for urls, etc.
)
LaTeX Info: Redefining \url on input line 4804.
\XeTeXLinkMargin=\dimen257

(/usr/share/texlive/texmf-dist/tex/generic/bitset/bitset.sty
Package: bitset 2019/12/09 v1.3 Handle bit-vector datatype (HO)

(/usr/share/texlive/texmf-dist/tex/generic/bigintcalc/bigintcalc.sty
Package: bigintcalc 2019/12/15 v1.5 Expandable calculations on big integers (HO
)
))
\Fld@menulength=\count294
\Field@Width=\dimen258
\Fld@charsize=\dimen259
Package hyperref Info: Hyper figures OFF on input line 6076.
Package hyperref Info: Link nesting OFF on input line 6081.
Package hyperref Info: Hyper index ON on input line 6084.
Package hyperref Info: backreferencing OFF on input line 6091.
Package hyperref Info: Link coloring OFF on input line 6096.
Package hyperref Info: Link coloring with OCG OFF on input line 6101.
Package hyperref Info: PDF/A mode OFF on input line 6106.
LaTeX Info: Redefining \ref on input line 6146.
LaTeX Info: Redefining \pageref on input line 6150.

(/usr/share/texlive/texmf-dist/tex/latex/base/atbegshi-ltx.sty
Package: atbegshi-ltx 2021/01/10 v1.0c Emulation of the original atbegshi
package with kernel methods
)
\Hy@abspage=\count295
\c@Item=\count296
\c@Hfootnote=\count297
)
Package hyperref Info: Driver (autodetected): hpdftex.

(/usr/share/texlive/texmf-dist/tex/latex/hyperref/hpdftex.def
File: hpdftex.def 2021-06-07 v7.00m Hyperref driver for pdfTeX

(/usr/share/texlive/texmf-dist/tex/latex/base/atveryend-ltx.sty
Package: atveryend-ltx 2020/08/19 v1.0a Emulation of the original atveryend pac
kage
with kernel methods
)
\Fld@listcount=\count298
\c@bookmark@seq@number=\count299

(/usr/share/texlive/texmf-dist/tex/latex/rerunfilecheck/rerunfilecheck.sty
Package: rerunfilecheck 2019/12/05 v1.9 Rerun checks for auxiliary files (HO)

(/usr/share/texlive/texmf-dist/tex/generic/uniquecounter/uniquecounter.sty
Package: uniquecounter 2019/12/15 v1.4 Provide unlimited unique counter (HO)
)
Package uniquecounter Info: New unique counter `rerunfilecheck' on input line 2
86.
)
\Hy@SectionHShift=\skip49
)
(/usr/share/texlive/texmf-dist/tex/latex/booktabs/booktabs.sty
Package: booktabs 2020/01/12 v1.61803398 Publication quality tables
\heavyrulewidth=\dimen260
\lightrulewidth=\dimen261
\cmidrulewidth=\dimen262
\belowrulesep=\dimen263
\belowbottomsep=\dimen264
\aboverulesep=\dimen265
\abovetopsep=\dimen266
\cmidrulesep=\dimen267
\cmidrulekern=\dimen268
\defaultaddspace=\dimen269
\@cmidla=\count300
\@cmidlb=\count301
\@aboverulesep=\dimen270
\@belowrulesep=\dimen271
\@thisruleclass=\count302
\@lastruleclass=\count303
\@thisrulewidth=\dimen272
)
(/usr/share/texlive/texmf-dist/tex/latex/tools/longtable.sty
Package: longtable 2021-09-01 v4.17 Multi-page Table package (DPC)
\LTleft=\skip50
\LTright=\skip51
\LTpre=\skip52
\LTpost=\skip53
\LTchunksize=\count304
\LTcapwidth=\dimen273
\LT@head=\box63
\LT@firsthead=\box64
\LT@foot=\box65
\LT@lastfoot=\box66
\LT@gbox=\box67
\LT@cols=\count305
\LT@rows=\count306
\c@LT@tables=\count307
\c@LT@chunks=\count308
\LT@p@ftn=\toks32
)
(/usr/share/texlive/texmf-dist/tex/latex/amsmath/amsmath.sty
Package: amsmath 2021/10/15 v2.17l AMS math features
\@mathmargin=\skip54

For additional information on amsmath, use the `?' option.
(/usr/share/texlive/texmf-dist/tex/latex/amsmath/amstext.sty
Package: amstext 2021/08/26 v2.01 AMS text

(/usr/share/texlive/texmf-dist/tex/latex/amsmath/amsgen.sty
File: amsgen.sty 1999/11/30 v2.0 generic functions
\@emptytoks=\toks33
\ex@=\dimen274
))
(/usr/share/texlive/texmf-dist/tex/latex/amsmath/amsbsy.sty
Package: amsbsy 1999/11/29 v1.2d Bold Symbols
\pmbraise@=\dimen275
)
(/usr/share/texlive/texmf-dist/tex/latex/amsmath/amsopn.sty
Package: amsopn 2021/08/26 v2.02 operator names
)
\inf@bad=\count309
LaTeX Info: Redefining \frac on input line 234.
\uproot@=\count310
\leftroot@=\count311
LaTeX Info: Redefining \overline on input line 399.
\classnum@=\count312
\DOTSCASE@=\count313
LaTeX Info: Redefining \ldots on input line 496.
LaTeX Info: Redefining \dots on input line 499.
LaTeX Info: Redefining \cdots on input line 620.
\Mathstrutbox@=\box68
\strutbox@=\box69
\big@size=\dimen276
LaTeX Font Info:    Redeclaring font encoding OML on input line 743.
LaTeX Font Info:    Redeclaring font encoding OMS on input line 744.
\macc@depth=\count314
\c@MaxMatrixCols=\count315
\dotsspace@=\muskip17
\c@parentequation=\count316
\dspbrk@lvl=\count317
\tag@help=\toks34
\row@=\count318
\column@=\count319
\maxfields@=\count320
\andhelp@=\toks35
\eqnshift@=\dimen277
\alignsep@=\dimen278
\tagshift@=\dimen279
\tagwidth@=\dimen280
\totwidth@=\dimen281
\lineht@=\dimen282
\@envbody=\toks36
\multlinegap=\skip55
\multlinetaggap=\skip56
\mathdisplay@stack=\toks37
LaTeX Info: Redefining \[ on input line 2938.
LaTeX Info: Redefining \] on input line 2939.
)
(/usr/share/texlive/texmf-dist/tex/latex/amsfonts/amssymb.sty
Package: amssymb 2013/01/14 v3.01 AMS font symbols

(/usr/share/texlive/texmf-dist/tex/latex/amsfonts/amsfonts.sty
Package: amsfonts 2013/01/14 v3.01 Basic AMSFonts support
\symAMSa=\mathgroup4
\symAMSb=\mathgroup5
LaTeX Font Info:    Redeclaring math symbol \hbar on input line 98.
LaTeX Font Info:    Overwriting math alphabet `\mathfrak' in version `bold'
(Font)                  U/euf/m/n --> U/euf/b/n on input line 106.
))
(/usr/share/texlive/texmf-dist/tex/latex/geometry/geometry.sty
Package: geometry 2020/01/02 v5.9 Page Geometry

(/usr/share/texlive/texmf-dist/tex/generic/iftex/ifvtex.sty
Package: ifvtex 2019/10/25 v1.7 ifvtex legacy package. Use iftex instead.
)
\Gm@cnth=\count321
\Gm@cntv=\count322
\c@Gm@tempcnt=\count323
\Gm@bindingoffset=\dimen283
\Gm@wd@mp=\dimen284
\Gm@odd@mp=\dimen285
\Gm@even@mp=\dimen286
\Gm@layoutwidth=\dimen287
\Gm@layoutheight=\dimen288
\Gm@layouthoffset=\dimen289
\Gm@layoutvoffset=\dimen290
\Gm@dimlist=\toks38
)
(/usr/share/texlive/texmf-dist/tex/latex/fancyhdr/fancyhdr.sty
Package: fancyhdr 2021/01/28 v4.0.1 Extensive control of page headers and foote
rs
\f@nch@headwidth=\skip57
\f@nch@O@elh=\skip58
\f@nch@O@erh=\skip59
\f@nch@O@olh=\skip60
\f@nch@O@orh=\skip61
\f@nch@O@elf=\skip62
\f@nch@O@erf=\skip63
\f@nch@O@olf=\skip64
\f@nch@O@orf=\skip65
)
(/usr/share/texlive/texmf-dist/tex/latex/caption/caption.sty
Package: caption 2020/10/26 v3.5g Customizing captions (AR)

(/usr/share/texlive/texmf-dist/tex/latex/caption/caption3.sty
Package: caption3 2020/10/21 v2.2e caption3 kernel (AR)
\captionmargin=\dimen291
\captionmargin@=\dimen292
\captionwidth=\dimen293
\caption@tempdima=\dimen294
\caption@indent=\dimen295
\caption@parindent=\dimen296
\caption@hangindent=\dimen297
Package caption Info: Standard document class detected.
)
\c@caption@flags=\count324
\c@continuedfloat=\count325
Package caption Info: hyperref package is loaded.
Package caption Info: listings package is loaded.
Package caption Info: longtable package is loaded.

(/usr/share/texlive/texmf-dist/tex/latex/caption/ltcaption.sty
Package: ltcaption 2020/05/30 v1.4b longtable captions (AR)
))
Package hyperref Info: Option `colorlinks' set `true' on input line 41.

(/usr/share/texlive/texmf-dist/tex/latex/l3backend/l3backend-pdftex.def
File: l3backend-pdftex.def 2022-01-12 L3 backend support: PDF output (pdfTeX)
\l__color_backend_stack_int=\count326
\l__pdf_internal_box=\box70
)
(./main.aux)
\openout1 = `main.aux'.

LaTeX Font Info:    Checking defaults for OML/cmm/m/it on input line 119.
LaTeX Font Info:    ... okay on input line 119.
LaTeX Font Info:    Checking defaults for OMS/cmsy/m/n on input line 119.
LaTeX Font Info:    ... okay on input line 119.
LaTeX Font Info:    Checking defaults for OT1/cmr/m/n on input line 119.
LaTeX Font Info:    ... okay on input line 119.
LaTeX Font Info:    Checking defaults for T1/cmr/m/n on input line 119.
LaTeX Font Info:    ... okay on input line 119.
LaTeX Font Info:    Checking defaults for TS1/cmr/m/n on input line 119.
LaTeX Font Info:    ... okay on input line 119.
LaTeX Font Info:    Checking defaults for OMX/cmex/m/n on input line 119.
LaTeX Font Info:    ... okay on input line 119.
LaTeX Font Info:    Checking defaults for U/cmr/m/n on input line 119.
LaTeX Font Info:    ... okay on input line 119.
LaTeX Font Info:    Checking defaults for PD1/pdf/m/n on input line 119.
LaTeX Font Info:    ... okay on input line 119.
LaTeX Font Info:    Checking defaults for PU/pdf/m/n on input line 119.
LaTeX Font Info:    ... okay on input line 119.
 (/usr/share/texlive/texmf-dist/tex/context/base/mkii/supp-pdf.mkii
[Loading MPS to PDF converter (version 2006.09.02).]
\scratchcounter=\count327
\scratchdimen=\dimen298
\scratchbox=\box71
\nofMPsegments=\count328
\nofMParguments=\count329
\everyMPshowfont=\toks39
\MPscratchCnt=\count330
\MPscratchDim=\dimen299
\MPnumerator=\count331
\makeMPintoPDFobject=\count332
\everyMPtoPDFconversion=\toks40
) (/usr/share/texlive/texmf-dist/tex/latex/epstopdf-pkg/epstopdf-base.sty
Package: epstopdf-base 2020-01-24 v2.11 Base part for package epstopdf
Package epstopdf-base Info: Redefining graphics rule for `.eps' on input line 4
85.

(/usr/share/texlive/texmf-dist/tex/latex/latexconfig/epstopdf-sys.cfg
File: epstopdf-sys.cfg 2010/07/13 v1.3 Configuration of (r)epstopdf for TeX Liv
e
))
\c@lstlisting=\count333
Package hyperref Info: Link coloring ON on input line 119.

(/usr/share/texlive/texmf-dist/tex/latex/hyperref/nameref.sty
Package: nameref 2021-04-02 v2.47 Cross-referencing by name of section

(/usr/share/texlive/texmf-dist/tex/latex/refcount/refcount.sty
Package: refcount 2019/12/15 v3.6 Data extraction from label references (HO)
)
(/usr/share/texlive/texmf-dist/tex/generic/gettitlestring/gettitlestring.sty
Package: gettitlestring 2019/12/15 v1.6 Cleanup title references (HO)
)
\c@section@level=\count334
)
LaTeX Info: Redefining \ref on input line 119.
LaTeX Info: Redefining \pageref on input line 119.
LaTeX Info: Redefining \nameref on input line 119.

(./main.out) (./main.out)
\@outlinefile=\write4
\openout4 = `main.out'.


*geometry* driver: auto-detecting
*geometry* detected driver: pdftex
*geometry* verbose mode - [ preamble ] result:
* driver: pdftex
* paper: a4paper
* layout: <same size as paper>
* layoutoffset:(h,v)=(0.0pt,0.0pt)
* modes: 
* h-part:(L,W,R)=(71.13188pt, 455.24411pt, 71.13188pt)
* v-part:(T,H,B)=(71.13188pt, 702.78308pt, 71.13188pt)
* \paperwidth=597.50787pt
* \paperheight=845.04684pt
* \textwidth=455.24411pt
* \textheight=702.78308pt
* \oddsidemargin=-1.1381pt
* \evensidemargin=-1.1381pt
* \topmargin=-38.1381pt
* \headheight=12.0pt
* \headsep=25.0pt
* \topskip=11.0pt
* \footskip=30.0pt
* \marginparwidth=50.0pt
* \marginparsep=10.0pt
* \columnsep=10.0pt
* \skip\footins=10.0pt plus 4.0pt minus 2.0pt
* \hoffset=0.0pt
* \voffset=0.0pt
* \mag=1000
* \@twocolumnfalse
* \@twosidefalse
* \@mparswitchfalse
* \@reversemarginfalse
* (1in=72.27pt=25.4mm, 1cm=28.453pt)

Package caption Info: Begin \AtBeginDocument code.
Package caption Info: End \AtBeginDocument code.
LaTeX Font Info:    Trying to load font information for U+msa on input line 122
.
(/usr/share/texlive/texmf-dist/tex/latex/amsfonts/umsa.fd
File: umsa.fd 2013/01/14 v3.01 AMS symbols A
)
LaTeX Font Info:    Trying to load font information for U+msb on input line 122
.

(/usr/share/texlive/texmf-dist/tex/latex/amsfonts/umsb.fd
File: umsb.fd 2013/01/14 v3.01 AMS symbols B
) (./main.toc
LaTeX Font Info:    Trying to load font information for T1+cmtt on input line 9
.

(/usr/share/texlive/texmf-dist/tex/latex/base/t1cmtt.fd
File: t1cmtt.fd 2019/12/16 v2.5j Standard LaTeX font definitions
) [1

{/var/lib/texmf/fonts/map/pdftex/updmap/pdftex.map}])
\tf@toc=\write5
\openout5 = `main.toc'.



Package fancyhdr Warning: \headheight is too small (12.0pt): 
(fancyhdr)                Make it at least 13.59999pt, for example:
(fancyhdr)                \setlength{\headheight}{13.59999pt}.
(fancyhdr)                You might also make \topmargin smaller to compensate:

(fancyhdr)                \addtolength{\topmargin}{-1.59999pt}.

[2] (./sections/01_requisiti.tex
Overfull \hbox (14.09183pt too wide) in paragraph at lines 11--17
[]\T1/cmr/m/n/10.95 Il sistema riconosce tre tipologie di utente: \T1/cmr/bx/n/
10.95 STD \T1/cmr/m/n/10.95 (utente occasionale, paga la sosta), \T1/cmr/bx/n/1
0.95 DISABILE
 []


Overfull \hbox (12.68472pt too wide) in paragraph at lines 11--17
\T1/cmr/m/n/10.95 (permesso disabili, esente da pagamento, prioritŕ sui posti r
iservati) e \T1/cmr/bx/n/10.95 ABBONATO \T1/cmr/m/n/10.95 (abbonamento
 []


Underfull \hbox (badness 7722) in paragraph at lines 36--36
[]|\T1/cmr/m/n/10.95 Identificare il tipo di utente (STD, DISABILE,
 []


Underfull \hbox (badness 5726) in paragraph at lines 45--45
[]|\T1/cmr/m/n/10.95 In uscita, per DISABILE/ABBONATO saltare il
 []


Underfull \hbox (badness 3590) in paragraph at lines 48--48
[]|\T1/cmr/m/n/10.95 Mantenere in memoria il tipo di posto occupato
 []


Package fancyhdr Warning: \headheight is too small (12.0pt): 
(fancyhdr)                Make it at least 13.59999pt, for example:
(fancyhdr)                \setlength{\headheight}{13.59999pt}.
(fancyhdr)                You might also make \topmargin smaller to compensate:

(fancyhdr)                \addtolength{\topmargin}{-1.59999pt}.

[3]
Underfull \hbox (badness 10000) in paragraph at lines 118--118
[]|\T1/cmr/m/n/10.95 Sensore di
 []


Underfull \hbox (badness 10000) in paragraph at lines 122--122
[]|\T1/cmr/m/n/10.95 Posto standard /
 []


Package fancyhdr Warning: \headheight is too small (12.0pt): 
(fancyhdr)                Make it at least 13.59999pt, for example:
(fancyhdr)                \setlength{\headheight}{13.59999pt}.
(fancyhdr)                You might also make \topmargin smaller to compensate:

(fancyhdr)                \addtolength{\topmargin}{-1.59999pt}.

[4]) (./sections/02_asmeta.tex
LaTeX Font Info:    Font shape `T1/cmtt/bx/n' in size <12> not available
(Font)              Font shape `T1/cmtt/m/n' tried instead on input line 3.

(/usr/share/texlive/texmf-dist/tex/latex/listings/lstlang1.sty
File: lstlang1.sty 2020/03/24 1.8d listings language file
)
LaTeX Font Info:    Font shape `T1/cmtt/bx/n' in size <9> not available
(Font)              Font shape `T1/cmtt/m/n' tried instead on input line 17.
LaTeX Font Info:    Font shape `T1/cmtt/bx/n' in size <10.95> not available
(Font)              Font shape `T1/cmtt/m/n' tried instead on input line 25.

Overfull \hbox (12.7454pt too wide) in paragraph at lines 51--59
\T1/cmr/m/n/10.95 versione ``appiattita'' a if annidati, comportamentalmente id
entica, per massimizzare la compatibilitŕ
 []


Package fancyhdr Warning: \headheight is too small (12.0pt): 
(fancyhdr)                Make it at least 13.59999pt, for example:
(fancyhdr)                \setlength{\headheight}{13.59999pt}.
(fancyhdr)                You might also make \topmargin smaller to compensate:

(fancyhdr)                \addtolength{\topmargin}{-1.59999pt}.

[5]
<images/asmeta_simulator_ingresso_std.png, id=274, 704.6325pt x 454.69875pt>
File: images/asmeta_simulator_ingresso_std.png Graphic file (type png)
<use images/asmeta_simulator_ingresso_std.png>
Package pdftex.def Info: images/asmeta_simulator_ingresso_std.png  used on inpu
t line 72.
(pdftex.def)             Requested size: 386.96027pt x 249.70348pt.
<images/asmeta_simulator_uscita_std.png, id=276, 975.645pt x 453.695pt>
File: images/asmeta_simulator_uscita_std.png Graphic file (type png)
<use images/asmeta_simulator_uscita_std.png>
Package pdftex.def Info: images/asmeta_simulator_uscita_std.png  used on input 
line 78.
(pdftex.def)             Requested size: 386.96027pt x 179.94484pt.

Underfull \hbox (badness 10000) in paragraph at lines 87--88
[]|\T1/cmr/m/n/10.95 Ciclo completo ABBONATO: ingresso senza
 []


Underfull \hbox (badness 3199) in paragraph at lines 87--88
\T1/cmr/m/n/10.95 pagamento, uscita diretta (salta TARIF). Bug
 []


Underfull \hbox (badness 10000) in paragraph at lines 88--89
[]|\T1/cmr/m/n/10.95 Ciclo DISABILE: assegnazione POSTO_-DIS,
 []


Underfull \hbox (badness 1490) in paragraph at lines 88--89
\T1/cmtt/m/n/10.95 posto_-assegnato \T1/cmr/m/n/10.95 resta POSTO_-DIS durante 
la
 []


Underfull \hbox (badness 10000) in paragraph at lines 90--90
[]|\T1/cmtt/m/n/10.95 test_-disabile_-
 []


Underfull \hbox (badness 1688) in paragraph at lines 90--91
[]|\T1/cmr/m/n/10.95 Copre il fallback: un secondo DISABILE, con
 []


Underfull \hbox (badness 10000) in paragraph at lines 91--91
[]|\T1/cmtt/m/n/10.95 test_-pagamento_-
 []


Underfull \hbox (badness 10000) in paragraph at lines 92--92
[]|\T1/cmtt/m/n/10.95 test_-pieno_-
 []


Underfull \hbox (badness 10000) in paragraph at lines 92--93
[]|\T1/cmr/m/n/10.95 Parcheggio completamente saturo (STD +
 []


Underfull \hbox (badness 3701) in paragraph at lines 92--93
\T1/cmr/m/n/10.95 DISABILE), un terzo utente DISABILE viene
 []


Underfull \hbox (badness 10000) in paragraph at lines 93--93
[]|\T1/cmtt/m/n/10.95 test_-random_-
 []


Package fancyhdr Warning: \headheight is too small (12.0pt): 
(fancyhdr)                Make it at least 13.59999pt, for example:
(fancyhdr)                \setlength{\headheight}{13.59999pt}.
(fancyhdr)                You might also make \topmargin smaller to compensate:

(fancyhdr)                \addtolength{\topmargin}{-1.59999pt}.

[6 <./images/asmeta_simulator_ingresso_std.png> <./images/asmeta_simulator_usci
ta_std.png>]
<images/asmeta_animator_test_abbonato.png, id=286, 974.64125pt x 449.68pt>
File: images/asmeta_animator_test_abbonato.png Graphic file (type png)
<use images/asmeta_animator_test_abbonato.png>
Package pdftex.def Info: images/asmeta_animator_test_abbonato.png  used on inpu
t line 102.
(pdftex.def)             Requested size: 386.96027pt x 178.53766pt.
<images/asmeta_animator_test_disabile_fallback.png, id=287, 975.645pt x 450.683
75pt>
File: images/asmeta_animator_test_disabile_fallback.png Graphic file (type png)

<use images/asmeta_animator_test_disabile_fallback.png>
Package pdftex.def Info: images/asmeta_animator_test_disabile_fallback.png  use
d on input line 106.
(pdftex.def)             Requested size: 386.96027pt x 178.7505pt.


LaTeX Warning: `!h' float specifier changed to `!ht'.

<images/asmeta_animator_test_pieno_totale.png, id=288, 1197.47375pt x 452.69125
pt>
File: images/asmeta_animator_test_pieno_totale.png Graphic file (type png)
<use images/asmeta_animator_test_pieno_totale.png>
Package pdftex.def Info: images/asmeta_animator_test_pieno_totale.png  used on 
input line 110.
(pdftex.def)             Requested size: 386.96027pt x 146.2802pt.

LaTeX Warning: `!h' float specifier changed to `!ht'.


Package fancyhdr Warning: \headheight is too small (12.0pt): 
(fancyhdr)                Make it at least 13.59999pt, for example:
(fancyhdr)                \setlength{\headheight}{13.59999pt}.
(fancyhdr)                You might also make \topmargin smaller to compensate:

(fancyhdr)                \addtolength{\topmargin}{-1.59999pt}.

[7 <./images/asmeta_animator_test_abbonato.png>]
<images/asmetav_coverage_report.png, id=296, 516.93124pt x 659.46375pt>
File: images/asmetav_coverage_report.png Graphic file (type png)
<use images/asmetav_coverage_report.png>
Package pdftex.def Info: images/asmetav_coverage_report.png  used on input line
 137.
(pdftex.def)             Requested size: 386.96027pt x 493.67082pt.


LaTeX Warning: `!h' float specifier changed to `!ht'.


Overfull \hbox (27.53773pt too wide) in paragraph at lines 141--143
\T1/cmr/m/n/10.95 Sono state definite 10 CTLSPEC (Tabella [][]5[][]), suddivise
 in proprietŕ di sicurezza (safety), raggiungibilitŕ
 []


Overfull \hbox (10.14577pt too wide) in paragraph at lines 151--151
[]|\T1/cmr/m/n/10.95 Raggiungibilitŕ| 
 []


Underfull \hbox (badness 10000) in paragraph at lines 152--152
[]|\T1/cmtt/m/n/10.95 ag((stato=INGR and posto_-
 []


Underfull \hbox (badness 10000) in paragraph at lines 152--152
\T1/cmtt/m/n/10.95 assegnato=POSTO_-STD) implies posti_-
 []


Underfull \hbox (badness 10000) in paragraph at lines 155--155
[]|\T1/cmtt/m/n/10.95 ag((stato=INGR and posto_-
 []


Underfull \hbox (badness 10000) in paragraph at lines 155--155
\T1/cmtt/m/n/10.95 assegnato=POSTO_-DIS) implies posti_-
 []


Overfull \hbox (10.14577pt too wide) in paragraph at lines 156--156
[]|\T1/cmr/m/n/10.95 Raggiungibilitŕ| 
 []


Overfull \hbox (10.14577pt too wide) in paragraph at lines 157--157
[]|\T1/cmr/m/n/10.95 Raggiungibilitŕ| 
 []


Underfull \hbox (badness 10000) in paragraph at lines 158--158
[]|\T1/cmtt/m/n/10.95 ag(stato=TARIF implies
 []


Package fancyhdr Warning: \headheight is too small (12.0pt): 
(fancyhdr)                Make it at least 13.59999pt, for example:
(fancyhdr)                \setlength{\headheight}{13.59999pt}.
(fancyhdr)                You might also make \topmargin smaller to compensate:

(fancyhdr)                \addtolength{\topmargin}{-1.59999pt}.

[8 <./images/asmeta_animator_test_disabile_fallback.png> <./images/asmeta_anima
tor_test_pieno_totale.png>]
<images/asmetasmv_ctlspec_results.png, id=307, 1248.665pt x 474.77374pt>
File: images/asmetasmv_ctlspec_results.png Graphic file (type png)
<use images/asmetasmv_ctlspec_results.png>
Package pdftex.def Info: images/asmetasmv_ctlspec_results.png  used on input li
ne 168.
(pdftex.def)             Requested size: 386.96027pt x 147.12762pt.


LaTeX Warning: `!h' float specifier changed to `!ht'.

<images/asmetasmv_random_trace.png, id=308, 1199.48125pt x 359.3425pt>
File: images/asmetasmv_random_trace.png Graphic file (type png)
<use images/asmetasmv_random_trace.png>
Package pdftex.def Info: images/asmetasmv_random_trace.png  used on input line 
173.
(pdftex.def)             Requested size: 386.96027pt x 115.92407pt.

LaTeX Warning: `!h' float specifier changed to `!ht'.


Overfull \hbox (0.43193pt too wide) in paragraph at lines 183--186
[]\T1/cmr/bx/n/10.95 MP1, MP3, MP4, MP7 -- nessuna segnalazione\T1/cmr/m/n/10.9
5 : nessun aggiornamento inconsistente,
 []


Overfull \hbox (5.46255pt too wide) in paragraph at lines 194--199
\T1/cmr/m/n/10.95 non č un difetto ma una \T1/cmr/m/it/10.95 conferma\T1/cmr/m/
n/10.95 . Il dominio \T1/cmtt/m/n/10.95 Posti = {0..2} \T1/cmr/m/n/10.95 č stat
o scelto deliberatamente
 []

<images/model_advisor_output.png, id=309, 1387.1825pt x 784.9325pt>
File: images/model_advisor_output.png Graphic file (type png)
<use images/model_advisor_output.png>
Package pdftex.def Info: images/model_advisor_output.png  used on input line 20
5.
(pdftex.def)             Requested size: 386.96027pt x 218.95317pt.

LaTeX Warning: `!h' float specifier changed to `!ht'.

<images/atgt_scenario_list.png, id=310, 164.615pt x 103.38625pt>
File: images/atgt_scenario_list.png Graphic file (type png)
<use images/atgt_scenario_list.png>
Package pdftex.def Info: images/atgt_scenario_list.png  used on input line 212.

(pdftex.def)             Requested size: 386.96027pt x 243.06023pt.

LaTeX Warning: `!h' float specifier changed to `!ht'.

) (./sections/04_java.tex
Overfull \hbox (16.05577pt too wide) in paragraph at lines 214--1
\T1/cmr/m/n/10.95 Gli scenari generati (\T1/cmtt/m/n/10.95 asmeta/src/abstracte
sts/testtest*.avalla\T1/cmr/m/n/10.95 ) sono consultabili direttamente
 []


Overfull \hbox (21.01395pt too wide) in paragraph at lines 5--8
\T1/cmr/m/n/10.95 i test, JaCoCo per la copertura e PIT per il mutation testing
. Il package \T1/cmtt/m/n/10.95 it.tvsw.smartparking.core
 []

(/usr/share/texlive/texmf-dist/tex/latex/listings/lstlang1.sty
File: lstlang1.sty 2020/03/24 1.8d listings language file
)

Package fancyhdr Warning: \headheight is too small (12.0pt): 
(fancyhdr)                Make it at least 13.59999pt, for example:
(fancyhdr)                \setlength{\headheight}{13.59999pt}.
(fancyhdr)                You might also make \topmargin smaller to compensate:

(fancyhdr)                \addtolength{\topmargin}{-1.59999pt}.

[9]

Package fancyhdr Warning: \headheight is too small (12.0pt): 
(fancyhdr)                Make it at least 13.59999pt, for example:
(fancyhdr)                \setlength{\headheight}{13.59999pt}.
(fancyhdr)                You might also make \topmargin smaller to compensate:

(fancyhdr)                \addtolength{\topmargin}{-1.59999pt}.

[10 <./images/asmetav_coverage_report.png>]

Package fancyhdr Warning: \headheight is too small (12.0pt): 
(fancyhdr)                Make it at least 13.59999pt, for example:
(fancyhdr)                \setlength{\headheight}{13.59999pt}.
(fancyhdr)                You might also make \topmargin smaller to compensate:

(fancyhdr)                \addtolength{\topmargin}{-1.59999pt}.

[11 <./images/asmetasmv_ctlspec_results.png> <./images/asmetasmv_random_trace.p
ng> <./images/model_advisor_output.png>]
<images/vaadin_ui_idle.png, id=349, 698.61pt x 512.91624pt>
File: images/vaadin_ui_idle.png Graphic file (type png)
<use images/vaadin_ui_idle.png>
Package pdftex.def Info: images/vaadin_ui_idle.png  used on input line 50.
(pdftex.def)             Requested size: 386.96027pt x 284.10838pt.
<images/vaadin_ui_ingresso_std.png, id=350, 607.26875pt x 407.5225pt>
File: images/vaadin_ui_ingresso_std.png Graphic file (type png)
<use images/vaadin_ui_ingresso_std.png>
Package pdftex.def Info: images/vaadin_ui_ingresso_std.png  used on input line 
54.
(pdftex.def)             Requested size: 386.96027pt x 259.68178pt.


LaTeX Warning: `!h' float specifier changed to `!ht'.

<images/vaadin_ui_neg.png, id=351, 605.26125pt x 431.6125pt>
File: images/vaadin_ui_neg.png Graphic file (type png)
<use images/vaadin_ui_neg.png>
Package pdftex.def Info: images/vaadin_ui_neg.png  used on input line 58.
(pdftex.def)             Requested size: 386.96027pt x 275.94127pt.

LaTeX Warning: `!h' float specifier changed to `!ht'.

<images/vaadin_ui_tarif.png, id=352, 606.265pt x 445.665pt>
File: images/vaadin_ui_tarif.png Graphic file (type png)
<use images/vaadin_ui_tarif.png>
Package pdftex.def Info: images/vaadin_ui_tarif.png  used on input line 62.
(pdftex.def)             Requested size: 386.96027pt x 284.45619pt.

LaTeX Warning: `!h' float specifier changed to `!ht'.


Package fancyhdr Warning: \headheight is too small (12.0pt): 
(fancyhdr)                Make it at least 13.59999pt, for example:
(fancyhdr)                \setlength{\headheight}{13.59999pt}.
(fancyhdr)                You might also make \topmargin smaller to compensate:

(fancyhdr)                \addtolength{\topmargin}{-1.59999pt}.

[12 <./images/atgt_scenario_list.png> <./images/vaadin_ui_idle.png>]
<images/selenium_test_green.png, id=361, 395.4775pt x 284.06125pt>
File: images/selenium_test_green.png Graphic file (type png)
<use images/selenium_test_green.png>
Package pdftex.def Info: images/selenium_test_green.png  used on input line 76.

(pdftex.def)             Requested size: 386.96027pt x 277.94466pt.


Package fancyhdr Warning: \headheight is too small (12.0pt): 
(fancyhdr)                Make it at least 13.59999pt, for example:
(fancyhdr)                \setlength{\headheight}{13.59999pt}.
(fancyhdr)                You might also make \topmargin smaller to compensate:

(fancyhdr)                \addtolength{\topmargin}{-1.59999pt}.

[13 <./images/vaadin_ui_ingresso_std.png> <./images/vaadin_ui_neg.png>])
(./sections/05_testing.tex

Package fancyhdr Warning: \headheight is too small (12.0pt): 
(fancyhdr)                Make it at least 13.59999pt, for example:
(fancyhdr)                \setlength{\headheight}{13.59999pt}.
(fancyhdr)                You might also make \topmargin smaller to compensate:

(fancyhdr)                \addtolength{\topmargin}{-1.59999pt}.

[14 <./images/vaadin_ui_tarif.png> <./images/selenium_test_green.png>]
Overfull \hbox (11.04314pt too wide) in paragraph at lines 23--25
\T1/cmr/bx/n/10.95 Decisione 1 \T1/cmr/m/n/10.95 (ramo STD/ABBONATO): $\OML/cmm
/m/it/10.95 D[] \OT1/cmr/m/n/10.95 = ([][][] \OMS/cmsy/m/n/10.95 _ [][][]\OT1/c
mr/m/n/10.95 ) \OMS/cmsy/m/n/10.95 ^ [][]\OT1/cmr/m/n/10.95 0$\T1/cmr/m/n/10.95
 . 
 []


Underfull \hbox (badness 10000) in paragraph at lines 69--70
[]|\T1/cmr/m/n/10.95 POSTO_-STD
 []


Overfull \hbox (6.88351pt too wide) in paragraph at lines 70--70
[]|\T1/cmr/m/n/10.95 ABBONATO| 
 []


Overfull \hbox (6.88351pt too wide) in paragraph at lines 71--71
[]|\T1/cmr/m/n/10.95 ABBONATO| 
 []


Package fancyhdr Warning: \headheight is too small (12.0pt): 
(fancyhdr)                Make it at least 13.59999pt, for example:
(fancyhdr)                \setlength{\headheight}{13.59999pt}.
(fancyhdr)                You might also make \topmargin smaller to compensate:

(fancyhdr)                \addtolength{\topmargin}{-1.59999pt}.

[15]
<images/junit_run_all_green.png, id=393, 480.79625pt x 284.06125pt>
File: images/junit_run_all_green.png Graphic file (type png)
<use images/junit_run_all_green.png>
Package pdftex.def Info: images/junit_run_all_green.png  used on input line 102
.
(pdftex.def)             Requested size: 386.96027pt x 228.62762pt.

Overfull \hbox (42.01553pt too wide) in paragraph at lines 104--122
[]\T1/cmr/m/n/10.95 La copertura č stata misurata con JaCoCo (\T1/cmtt/m/n/10.9
5 mvn verify\T1/cmr/m/n/10.95 , report in \T1/cmtt/m/n/10.95 target/site/jacoco
/index.html\T1/cmr/m/n/10.95 ).
 []


Overfull \hbox (0.93013pt too wide) in paragraph at lines 104--122
\T1/cmr/m/n/10.95 veri buchi di test e sono stati chiusi aggiungendo due test m
irati (\T1/cmtt/m/n/10.95 uscRestaInUscFinoAlTransito\T1/cmr/m/n/10.95 ,
 []


Package fancyhdr Warning: \headheight is too small (12.0pt): 
(fancyhdr)                Make it at least 13.59999pt, for example:
(fancyhdr)                \setlength{\headheight}{13.59999pt}.
(fancyhdr)                You might also make \topmargin smaller to compensate:

(fancyhdr)                \addtolength{\topmargin}{-1.59999pt}.

[16 <./images/junit_run_all_green.png>]
<images/jacoco_coverage_report.png, id=411, 1445.4pt x 225.84375pt>
File: images/jacoco_coverage_report.png Graphic file (type png)
<use images/jacoco_coverage_report.png>
Package pdftex.def Info: images/jacoco_coverage_report.png  used on input line 
124.
(pdftex.def)             Requested size: 386.96027pt x 60.4617pt.
<images/jacoco_detail_parcheggio.png, id=412, 1445.4pt x 333.245pt>
File: images/jacoco_detail_parcheggio.png Graphic file (type png)
<use images/jacoco_detail_parcheggio.png>
Package pdftex.def Info: images/jacoco_detail_parcheggio.png  used on input lin
e 128.
(pdftex.def)             Requested size: 386.96027pt x 89.2146pt.
<images/jacoco_detail_fsm.png, id=413, 1445.4pt x 505.89pt>
File: images/jacoco_detail_fsm.png Graphic file (type png)
<use images/jacoco_detail_fsm.png>
Package pdftex.def Info: images/jacoco_detail_fsm.png  used on input line 133.
(pdftex.def)             Requested size: 386.96027pt x 135.43423pt.
) (./sections/03_jml.tex

Package fancyhdr Warning: \headheight is too small (12.0pt): 
(fancyhdr)                Make it at least 13.59999pt, for example:
(fancyhdr)                \setlength{\headheight}{13.59999pt}.
(fancyhdr)                You might also make \topmargin smaller to compensate:

(fancyhdr)                \addtolength{\topmargin}{-1.59999pt}.

[17 <./images/jacoco_coverage_report.png> <./images/jacoco_detail_parcheggio.pn
g> <./images/jacoco_detail_fsm.png>]
Overfull \hbox (6.8732pt too wide) in paragraph at lines 53--57
[]\T1/cmr/m/n/10.95 il costruttore con parametri (usato nei test combinatori e 
MC/DC per costruire configurazioni
 []


Overfull \hbox (72.24103pt too wide) in paragraph at lines 57--60
[]\T1/cmr/m/n/10.95 la violazione della precondizione č anche gestita difensiva
mente a runtime con \T1/cmtt/m/n/10.95 IllegalArgumentException\T1/cmr/m/n/10.9
5 ,
 []


Package fancyhdr Warning: \headheight is too small (12.0pt): 
(fancyhdr)                Make it at least 13.59999pt, for example:
(fancyhdr)                \setlength{\headheight}{13.59999pt}.
(fancyhdr)                You might also make \topmargin smaller to compensate:

(fancyhdr)                \addtolength{\topmargin}{-1.59999pt}.

[18]

Package fancyhdr Warning: \headheight is too small (12.0pt): 
(fancyhdr)                Make it at least 13.59999pt, for example:
(fancyhdr)                \setlength{\headheight}{13.59999pt}.
(fancyhdr)                You might also make \topmargin smaller to compensate:

(fancyhdr)                \addtolength{\topmargin}{-1.59999pt}.

[19]
<images/openjml_esc_output.png, id=477, 943.525pt x 619.31375pt>
File: images/openjml_esc_output.png Graphic file (type png)
<use images/openjml_esc_output.png>
Package pdftex.def Info: images/openjml_esc_output.png  used on input line 169.

(pdftex.def)             Requested size: 386.96027pt x 253.99588pt.
) (./sections/06_analisi_statica.tex

Package fancyhdr Warning: \headheight is too small (12.0pt): 
(fancyhdr)                Make it at least 13.59999pt, for example:
(fancyhdr)                \setlength{\headheight}{13.59999pt}.
(fancyhdr)                You might also make \topmargin smaller to compensate:

(fancyhdr)                \addtolength{\topmargin}{-1.59999pt}.

[20 <./images/openjml_esc_output.png>]
Overfull \hbox (1.44183pt too wide) in paragraph at lines 20--21
[]\T1/cmr/m/n/10.95 Le eccezioni di precondizione (\T1/cmtt/m/n/10.95 IllegalAr
gumentException\T1/cmr/m/n/10.95 , \T1/cmtt/m/n/10.95 IllegalStateException\T1/
cmr/m/n/10.95 ) sono
 []


Overfull \hbox (9.81425pt too wide) in paragraph at lines 27--32
[]\T1/cmr/bx/n/10.95 Validazione mancante di \T1/cmtt/m/n/10.95 utenteRilevato=
=null \T1/cmr/bx/n/10.95 in CHK_-OUT\T1/cmr/m/n/10.95 : il confronto restituisc
e
 []


Overfull \hbox (3.4472pt too wide) in paragraph at lines 27--32
\T1/cmr/m/n/10.95 silenziosamente \T1/cmtt/m/n/10.95 false\T1/cmr/m/n/10.95 , p
ortando il sistema in USC come se l'utente non fosse STD. \T1/cmr/m/it/10.95 Ge
stione\T1/cmr/m/n/10.95 :
 []


Overfull \hbox (20.01709pt too wide) in paragraph at lines 44--48
[]\T1/cmr/bx/n/10.95 Scostamento temporale nel decremento dei contatori rispett
o all'ASM\T1/cmr/m/n/10.95 : \T1/cmtt/m/n/10.95 assegnaPosto
 []


Overfull \hbox (19.06125pt too wide) in paragraph at lines 44--48
\T1/cmr/m/n/10.95 differenza non osservabile in alcuno scenario di test; scelta
 la versione piů semplice, documentata
 []


Overfull \hbox (1.93575pt too wide) in paragraph at lines 54--65
[]\T1/cmr/bx/n/10.95 Memoria a slot singolo per \T1/cmtt/m/n/10.95 posto_-asseg
nato \T1/cmr/bx/n/10.95 ^^V difetto presente anche nel modello
 []


Package fancyhdr Warning: \headheight is too small (12.0pt): 
(fancyhdr)                Make it at least 13.59999pt, for example:
(fancyhdr)                \setlength{\headheight}{13.59999pt}.
(fancyhdr)                You might also make \topmargin smaller to compensate:

(fancyhdr)                \addtolength{\topmargin}{-1.59999pt}.

[21]) (./sections/07_ci.tex
Overfull \hbox (23.39603pt too wide) in paragraph at lines 77--1
\T1/cmr/m/n/10.95 documentali via Javadoc), ma ha individuato un \T1/cmr/bx/n/1
0.95 difetto latente nella specifica stessa \T1/cmr/m/n/10.95 (osservazione
 []

(/usr/share/texlive/texmf-dist/tex/latex/listings/lstlang1.sty
File: lstlang1.sty 2020/03/24 1.8d listings language file
)
(/usr/share/texlive/texmf-dist/tex/latex/listings/lstlang1.sty
File: lstlang1.sty 2020/03/24 1.8d listings language file
)

LaTeX Warning: `!h' float specifier changed to `!ht'.


LaTeX Warning: `!h' float specifier changed to `!ht'.

) (./sections/08_conclusioni.tex

Package fancyhdr Warning: \headheight is too small (12.0pt): 
(fancyhdr)                Make it at least 13.59999pt, for example:
(fancyhdr)                \setlength{\headheight}{13.59999pt}.
(fancyhdr)                You might also make \topmargin smaller to compensate:

(fancyhdr)                \addtolength{\topmargin}{-1.59999pt}.

[22])

Package fancyhdr Warning: \headheight is too small (12.0pt): 
(fancyhdr)                Make it at least 13.59999pt, for example:
(fancyhdr)                \setlength{\headheight}{13.59999pt}.
(fancyhdr)                You might also make \topmargin smaller to compensate:

(fancyhdr)                \addtolength{\topmargin}{-1.59999pt}.

[23] (./main.aux)
Package rerunfilecheck Info: File `main.out' has not changed.
(rerunfilecheck)             Checksum: 195D33C3E1FCD1C16634006F0CC2D53F;7326.
 ) 
Here is how much of TeX's memory you used:
 26110 strings out of 480247
 477009 string characters out of 5896152
 1317846 words of memory out of 5000000
 43360 multiletter control sequences out of 15000+600000
 488394 words of font info for 74 fonts, out of 8000000 for 9000
 14 hyphenation exceptions out of 8191
 84i,12n,89p,425b,1273s stack positions out of 5000i,500n,10000p,200000b,80000s
 </sessions/beautiful-clever-lovelace/.texlive2021/texmf-var/fonts/pk/ljfour/
jknappen/ec/ectt1000.600pk> </sessions/beautiful-clever-lovelace/.texlive2021/t
exmf-var/fonts/pk/ljfour/jknappen/ec/ecbx1000.600pk> </sessions/beautiful-cleve
r-lovelace/.texlive2021/texmf-var/fonts/pk/ljfour/jknappen/ec/tcrm1095.600pk> <
/sessions/beautiful-clever-lovelace/.texlive2021/texmf-var/fonts/pk/ljfour/jkna
ppen/ec/ectt0900.600pk> </sessions/beautiful-clever-lovelace/.texlive2021/texmf
-var/fonts/pk/ljfour/jknappen/ec/ecrm0600.600pk> </sessions/beautiful-clever-lo
velace/.texlive2021/texmf-var/fonts/pk/ljfour/jknappen/ec/ectt1200.600pk> </ses
sions/beautiful-clever-lovelace/.texlive2021/texmf-var/fonts/pk/ljfour/jknappen
/ec/ecrm0800.600pk> </sessions/beautiful-clever-lovelace/.texlive2021/texmf-var
/fonts/pk/ljfour/jknappen/ec/ecrm1000.600pk> </sessions/beautiful-clever-lovela
ce/.texlive2021/texmf-var/fonts/pk/ljfour/jknappen/ec/ecti1095.600pk> </session
s/beautiful-clever-lovelace/.texlive2021/texmf-var/fonts/pk/ljfour/jknappen/ec/
ecbx1200.600pk> </sessions/beautiful-clever-lovelace/.texlive2021/texmf-var/fon
ts/pk/ljfour/jknappen/ec/ectt1095.600pk> </sessions/beautiful-clever-lovelace/.
texlive2021/texmf-var/fonts/pk/ljfour/jknappen/ec/ecrm1095.600pk> </sessions/be
autiful-clever-lovelace/.texlive2021/texmf-var/fonts/pk/ljfour/jknappen/ec/ecbx
1095.600pk> </sessions/beautiful-clever-lovelace/.texlive2021/texmf-var/fonts/p
k/ljfour/jknappen/ec/ecbx1440.600pk> </sessions/beautiful-clever-lovelace/.texl
ive2021/texmf-var/fonts/pk/ljfour/jknappen/ec/ecrm1200.600pk> </sessions/beauti
ful-clever-lovelace/.texlive2021/texmf-var/fonts/pk/ljfour/jknappen/ec/ecbx1728
.600pk></usr/share/texlive/texmf-dist/fonts/type1/public/amsfonts/cm/cmmi10.pfb
></usr/share/texlive/texmf-dist/fonts/type1/public/amsfonts/cm/cmr10.pfb></usr/
share/texlive/texmf-dist/fonts/type1/public/amsfonts/cm/cmr8.pfb></usr/share/te
xlive/texmf-dist/fonts/type1/public/amsfonts/cm/cmsy10.pfb></usr/share/texlive/
texmf-dist/fonts/type1/public/amsfonts/symbols/msam10.pfb>
Output written on main.pdf (23 pages, 4939156 bytes).
PDF statistics:
 1258 PDF objects out of 1440 (max. 8388607)
 579 compressed objects within 6 object streams
 222 named destinations out of 1000 (max. 500000)
 433 words of extra memory for PDF output out of 10000 (max. 10000000)

